<?xml version="1.0" encoding="UTF-8"?>
<testsuite name="com.pluralsight.airport.airconditioning.ThermometerTest" tests="2" skipped="0" failures="0" errors="0" timestamp="2022-03-02T18:53:45" hostname="MacBook-Pro-Edwin.local" time="0.007">
  <properties/>
  <testcase name="testBlockedSensor()" classname="com.pluralsight.airport.airconditioning.ThermometerTest" time="0.004"/>
  <testcase name="testWorkingSensor()" classname="com.pluralsight.airport.airconditioning.ThermometerTest" time="0.002"/>
  <system-out><![CDATA[]]></system-out>
  <system-err><![CDATA[]]></system-err>
</testsuite>
