<?xml version="1.0" encoding="UTF-8"?>
<testsuite name="When we have a usual passenger" tests="1" skipped="0" failures="0" errors="0" timestamp="2022-03-02T18:53:45" hostname="MacBook-Pro-Edwin.local" time="0.002">
  <properties/>
  <testcase name="Then you cannot add or remove him from a premium flight" classname="com.pluralsight.airport.airport.AirportTest$PremiumFlightTest$UsualPassenger" time="0.002"/>
  <system-out><![CDATA[]]></system-out>
  <system-err><![CDATA[]]></system-err>
</testsuite>
