<?xml version="1.0" encoding="UTF-8"?>
<testsuite name="com.pluralsight.airport.database.StatisticsTest" tests="1" skipped="0" failures="0" errors="0" timestamp="2022-03-02T18:53:45" hostname="MacBook-Pro-Edwin.local" time="0.013">
  <properties/>
  <testcase name="testQueriedData()" classname="com.pluralsight.airport.database.StatisticsTest" time="0.013"/>
  <system-out><![CDATA[]]></system-out>
  <system-err><![CDATA[]]></system-err>
</testsuite>
