<?xml version="1.0" encoding="UTF-8"?>
<testsuite name="When we have a usual passenger" tests="6" skipped="0" failures="0" errors="0" timestamp="2022-03-02T18:53:45" hostname="MacBook-Pro-Edwin.local" time="0.012">
  <properties/>
  <testcase name="repetition 1 of 5" classname="com.pluralsight.airport.airport.AirportTest$EconomyFlightTest$UsualPassenger" time="0.002"/>
  <testcase name="repetition 2 of 5" classname="com.pluralsight.airport.airport.AirportTest$EconomyFlightTest$UsualPassenger" time="0.001"/>
  <testcase name="repetition 3 of 5" classname="com.pluralsight.airport.airport.AirportTest$EconomyFlightTest$UsualPassenger" time="0.0"/>
  <testcase name="repetition 4 of 5" classname="com.pluralsight.airport.airport.AirportTest$EconomyFlightTest$UsualPassenger" time="0.0"/>
  <testcase name="repetition 5 of 5" classname="com.pluralsight.airport.airport.AirportTest$EconomyFlightTest$UsualPassenger" time="0.0"/>
  <testcase name="Then you can add and remove him from an economy flight" classname="com.pluralsight.airport.airport.AirportTest$EconomyFlightTest$UsualPassenger" time="0.002"/>
  <system-out><![CDATA[]]></system-out>
  <system-err><![CDATA[]]></system-err>
</testsuite>
